<?xml version="1.0" encoding="UTF-8"?>
<!-- Generated by org.testng.reporters.JUnitReportReporter -->
<testsuite hostname="DESKTOP-KA91B3B" failures="0" tests="1" name="com.Freelancer.AddQualificationsTestCases.TC_AQ_004" time="28.634" errors="0" timestamp="2021-04-05T16:09:49 BDT" skipped="0">
  <testcase classname="com.Freelancer.AddQualificationsTestCases.TC_AQ_004" name="deleteQualification" time="28.634"/>
  <system-out/>
</testsuite> <!-- com.Freelancer.AddQualificationsTestCases.TC_AQ_004 -->
