<?xml version="1.0" encoding="UTF-8"?>
<!-- Generated by org.testng.reporters.JUnitReportReporter -->
<testsuite hostname="DESKTOP-KA91B3B" failures="0" tests="1" name="com.Freelancer.LoginTestCases.TC_FL_002" time="14.845" errors="0" timestamp="2021-03-31T16:43:33 BDT" skipped="0">
  <testcase classname="com.Freelancer.LoginTestCases.TC_FL_002" name="loginWithValidInput" time="14.845"/>
  <system-out/>
</testsuite> <!-- com.Freelancer.LoginTestCases.TC_FL_002 -->
