<?xml version="1.0" encoding="UTF-8"?>
<!-- Generated by org.testng.reporters.JUnitReportReporter -->
<testsuite hostname="DESKTOP-KA91B3B" failures="0" tests="1" name="com.Freelancer.AddEducationTestCases.TC_AE_004" time="21.884" errors="0" timestamp="2021-04-05T14:56:55 BDT" skipped="0">
  <testcase classname="com.Freelancer.AddEducationTestCases.TC_AE_004" name="deleteEducation" time="21.884"/>
  <system-out/>
</testsuite> <!-- com.Freelancer.AddEducationTestCases.TC_AE_004 -->
