<?xml version="1.0" encoding="UTF-8"?>
<!-- Generated by org.testng.reporters.JUnitReportReporter -->
<testsuite hostname="DESKTOP-KA91B3B" failures="0" tests="1" name="com.Freelancer.AddExperienceTestCases.TC_AExp_001" time="33.312" errors="0" timestamp="2021-04-06T16:46:40 BDT" skipped="0">
  <testcase classname="com.Freelancer.AddExperienceTestCases.TC_AExp_001" name="addExprienceWithValidInfo" time="33.312"/>
  <system-out/>
</testsuite> <!-- com.Freelancer.AddExperienceTestCases.TC_AExp_001 -->
