<?xml version="1.0" encoding="UTF-8"?>
<!-- Generated by org.testng.reporters.JUnitReportReporter -->
<testsuite hostname="DESKTOP-KA91B3B" failures="0" tests="1" name="com.Freelancer.ForgotPassTestCases.TC_FP_004" time="19.651" errors="0" timestamp="2021-04-01T16:05:14 BDT" skipped="0">
  <testcase classname="com.Freelancer.ForgotPassTestCases.TC_FP_004" name="forgotPassEmptyEmailInput" time="19.651"/>
  <system-out/>
</testsuite> <!-- com.Freelancer.ForgotPassTestCases.TC_FP_004 -->
