<?xml version="1.0" encoding="UTF-8"?>
<!-- Generated by org.testng.reporters.JUnitReportReporter -->
<testsuite hostname="DESKTOP-KA91B3B" failures="0" tests="1" name="com.Freelancer.AddPublicationTestCases.TC_AP_002" time="19.328" errors="0" timestamp="2021-04-05T18:19:18 BDT" skipped="0">
  <testcase classname="com.Freelancer.AddPublicationTestCases.TC_AP_002" name="addPublicationWithEmptyInfo" time="19.328"/>
  <system-out/>
</testsuite> <!-- com.Freelancer.AddPublicationTestCases.TC_AP_002 -->
